#
# There is insufficient memory for the Java Runtime Environment to continue.
# Native memory allocation (malloc) failed to allocate 1048576 bytes. Error detail: AllocateHeap
# Possible reasons:
#   The system is out of physical RAM or swap space
#   This process is running with CompressedOops enabled, and the Java Heap may be blocking the growth of the native heap
# Possible solutions:
#   Reduce memory load on the system
#   Increase physical memory or swap space
#   Check if swap backing store is full
#   Decrease Java heap size (-Xmx/-Xms)
#   Decrease number of Java threads
#   Decrease Java thread stack sizes (-Xss)
#   Set larger code cache with -XX:ReservedCodeCacheSize=
#   JVM is running with Unscaled Compressed Oops mode in which the Java heap is
#     placed in the first 4GB address space. The Java Heap base address is the
#     maximum limit for the native heap growth. Please use -XX:HeapBaseMinAddress
#     to set the Java Heap base and to place the Java Heap above 4GB virtual address.
# This output file may be truncated or incomplete.
#
#  Out of Memory Error (allocation.cpp:44), pid=10436, tid=10676
#
# JRE version:  (21.0.7+6) (build )
# Java VM: OpenJDK 64-Bit Server VM (21.0.7+6-LTS, mixed mode, sharing, tiered, compressed oops, compressed class ptrs, g1 gc, windows-amd64)
# No core dump will be written. Minidumps are not enabled by default on client versions of Windows
#

---------------  S U M M A R Y ------------

Command Line: --module-path=C:\Users\fabia\.m2\repository\org\openjfx\javafx-base\21.0.7\javafx-base-21.0.7-win.jar;C:\Users\fabia\.m2\repository\org\openjfx\javafx-base\21.0.7\javafx-base-21.0.7.jar;C:\Users\fabia\.m2\repository\org\openjfx\javafx-controls\21.0.7\javafx-controls-21.0.7-win.jar;C:\Users\fabia\.m2\repository\org\openjfx\javafx-controls\21.0.7\javafx-controls-21.0.7.jar;C:\Users\fabia\.m2\repository\org\openjfx\javafx-fxml\21.0.7\javafx-fxml-21.0.7-win.jar;C:\Users\fabia\.m2\repository\org\openjfx\javafx-fxml\21.0.7\javafx-fxml-21.0.7.jar;C:\Users\fabia\.m2\repository\org\openjfx\javafx-graphics\21.0.7\javafx-graphics-21.0.7-win.jar;C:\Users\fabia\.m2\repository\org\openjfx\javafx-graphics\21.0.7\javafx-graphics-21.0.7.jar;C:\Users\fabia\.m2\repository\org\openjfx\javafx-swing\21.0.7\javafx-swing-21.0.7-win.jar;C:\Users\fabia\.m2\repository\org\openjfx\javafx-swing\21.0.7\javafx-swing-21.0.7.jar --add-modules=javafx.base,javafx.controls,javafx.fxml,javafx.graphics,javafx.swing com.minhaloja.sistema_pagamento.App

Host: Intel(R) Core(TM) i3-2370M CPU @ 2.40GHz, 4 cores, 5G,  Windows 10 , 64 bit Build 19041 (10.0.19041.5072)
Time: Mon Jun  2 18:24:27 2025 South Africa Standard Time elapsed time: 0.064904 seconds (0d 0h 0m 0s)

---------------  T H R E A D  ---------------

Current thread (0x0000025a7faf3e00):  JavaThread "Unknown thread" [_thread_in_vm, id=10676, stack(0x0000005cf7500000,0x0000005cf7600000) (1024K)]

Stack: [0x0000005cf7500000,0x0000005cf7600000]
Native frames: (J=compiled Java code, j=interpreted, Vv=VM code, C=native code)
V  [jvm.dll+0x6ce119]
V  [jvm.dll+0x8a84a1]
V  [jvm.dll+0x8aa9ce]
V  [jvm.dll+0x8ab0b3]
V  [jvm.dll+0x27f8a6]
V  [jvm.dll+0xbfba7]
V  [jvm.dll+0x3327a5]
V  [jvm.dll+0x32ab91]
V  [jvm.dll+0x871719]
V  [jvm.dll+0x3bc501]
V  [jvm.dll+0x85a743]
V  [jvm.dll+0x45080e]
V  [jvm.dll+0x452451]
C  [jli.dll+0x5278]
C  [ucrtbase.dll+0x21bb2]
C  [KERNEL32.DLL+0x17374]
C  [ntdll.dll+0x4cc91]


---------------  P R O C E S S  ---------------

Threads class SMR info:
_java_thread_list=0x00007fffec99a0c8, length=0, elements={
}

Java Threads: ( => current thread )
Total: 0

Other Threads:
  0x0000025a7fadc190 WorkerThread "GC Thread#0"                     [id=6128, stack(0x0000005cf7600000,0x0000005cf7700000) (1024K)]

[error occurred during error reporting (printing all threads), id 0xc0000005, EXCEPTION_ACCESS_VIOLATION (0xc0000005) at pc=0x00007fffec097340]
VM state: not at safepoint (not fully initialized)

VM Mutex/Monitor currently owned by a thread:  ([mutex/lock_event])
[0x00007fffeca0e408] Heap_lock - owner thread: 0x0000025a7faf3e00

Heap address: 0x00000000a1a00000, size: 1510 MB, Compressed Oops mode: 32-bit

CDS archive(s) mapped at: [0x0000000000000000-0x0000000000000000-0x0000000000000000), size 0, SharedBaseAddress: 0x0000000800000000, ArchiveRelocationMode: 1.
Narrow klass base: 0x0000000000000000, Narrow klass shift: 0, Narrow klass range: 0x0

GC Precious Log:
 CardTable entry size: 512
 Card Set container configuration: InlinePtr #cards 5 size 8 Array Of Cards #cards 12 size 40 Howl #buckets 4 coarsen threshold 1843 Howl Bitmap #cards 512 size 80 coarsen threshold 460 Card regions per heap region 1 cards per card region 2048

Heap:
 garbage-first heap   total 0K, used 0K [0x00000000a1a00000, 0x0000000100000000)
  region size 1024K, 0 young (0K), 0 survivors (0K)

[error occurred during error reporting (printing heap information), id 0xc0000005, EXCEPTION_ACCESS_VIOLATION (0xc0000005) at pc=0x00007fffec487949]
GC Heap History (0 events):
No events

Dll operation events (1 events):
Event: 0.013 Loaded shared library C:\Users\fabia\.p2\pool\plugins\org.eclipse.justj.openjdk.hotspot.jre.full.win32.x86_64_21.0.7.v20250502-0916\jre\bin\java.dll

Deoptimization events (0 events):
No events

Classes loaded (0 events):
No events

Classes unloaded (0 events):
No events

Classes redefined (0 events):
No events

Internal exceptions (0 events):
No events

ZGC Phase Switch (0 events):
No events

VM Operations (0 events):
No events

Memory protections (0 events):
No events

Nmethod flushes (0 events):
No events

Events (0 events):
No events


Dynamic libraries:
0x00007ff777980000 - 0x00007ff77798e000 	C:\Users\fabia\.p2\pool\plugins\org.eclipse.justj.openjdk.hotspot.jre.full.win32.x86_64_21.0.7.v20250502-0916\jre\bin\java.exe
0x00007ff83b5d0000 - 0x00007ff83b7c8000 	C:\Windows\SYSTEM32\ntdll.dll
0x00007ff83b300000 - 0x00007ff83b3c2000 	C:\Windows\System32\KERNEL32.DLL
0x00007ff839000000 - 0x00007ff8392fe000 	C:\Windows\System32\KERNELBASE.dll
0x00007ff838e40000 - 0x00007ff838f40000 	C:\Windows\System32\ucrtbase.dll
0x00007ff82f8a0000 - 0x00007ff82f8be000 	C:\Users\fabia\.p2\pool\plugins\org.eclipse.justj.openjdk.hotspot.jre.full.win32.x86_64_21.0.7.v20250502-0916\jre\bin\VCRUNTIME140.dll
0x00007ff82f940000 - 0x00007ff82f958000 	C:\Users\fabia\.p2\pool\plugins\org.eclipse.justj.openjdk.hotspot.jre.full.win32.x86_64_21.0.7.v20250502-0916\jre\bin\jli.dll
0x00007ff83a6b0000 - 0x00007ff83a84d000 	C:\Windows\System32\USER32.dll
0x00007ff828280000 - 0x00007ff82851a000 	C:\Windows\WinSxS\amd64_microsoft.windows.common-controls_6595b64144ccf1df_6.0.19041.4355_none_60b8b9eb71f62e16\COMCTL32.dll
0x00007ff8395c0000 - 0x00007ff8395e2000 	C:\Windows\System32\win32u.dll
0x00007ff839810000 - 0x00007ff83983b000 	C:\Windows\System32\GDI32.dll
0x00007ff8395f0000 - 0x00007ff83968e000 	C:\Windows\System32\msvcrt.dll
0x00007ff8393a0000 - 0x00007ff8394b7000 	C:\Windows\System32\gdi32full.dll
0x00007ff839300000 - 0x00007ff83939d000 	C:\Windows\System32\msvcp_win.dll
0x00007ff83a680000 - 0x00007ff83a6af000 	C:\Windows\System32\IMM32.DLL
0x00007ff833ff0000 - 0x00007ff833ffc000 	C:\Users\fabia\.p2\pool\plugins\org.eclipse.justj.openjdk.hotspot.jre.full.win32.x86_64_21.0.7.v20250502-0916\jre\bin\vcruntime140_1.dll
0x00007ff823030000 - 0x00007ff8230bd000 	C:\Users\fabia\.p2\pool\plugins\org.eclipse.justj.openjdk.hotspot.jre.full.win32.x86_64_21.0.7.v20250502-0916\jre\bin\msvcp140.dll
0x00007fffebd60000 - 0x00007fffecaf0000 	C:\Users\fabia\.p2\pool\plugins\org.eclipse.justj.openjdk.hotspot.jre.full.win32.x86_64_21.0.7.v20250502-0916\jre\bin\server\jvm.dll
0x00007ff83adf0000 - 0x00007ff83aea1000 	C:\Windows\System32\ADVAPI32.dll
0x00007ff83ad50000 - 0x00007ff83adef000 	C:\Windows\System32\sechost.dll
0x00007ff83b460000 - 0x00007ff83b583000 	C:\Windows\System32\RPCRT4.dll
0x00007ff838fd0000 - 0x00007ff838ff7000 	C:\Windows\System32\bcrypt.dll
0x00007ff839ea0000 - 0x00007ff839f0b000 	C:\Windows\System32\WS2_32.dll
0x00007ff838ad0000 - 0x00007ff838b1b000 	C:\Windows\SYSTEM32\POWRPROF.dll
0x00007ff828910000 - 0x00007ff828937000 	C:\Windows\SYSTEM32\WINMM.dll
0x00007ff829000000 - 0x00007ff82900a000 	C:\Windows\SYSTEM32\VERSION.dll
0x00007ff838ab0000 - 0x00007ff838ac2000 	C:\Windows\SYSTEM32\UMPDC.dll
0x00007ff836af0000 - 0x00007ff836b02000 	C:\Windows\SYSTEM32\kernel.appcore.dll
0x00007ff833fc0000 - 0x00007ff833fca000 	C:\Users\fabia\.p2\pool\plugins\org.eclipse.justj.openjdk.hotspot.jre.full.win32.x86_64_21.0.7.v20250502-0916\jre\bin\jimage.dll
0x00007ff828540000 - 0x00007ff828724000 	C:\Windows\SYSTEM32\DBGHELP.DLL
0x00007ff826dd0000 - 0x00007ff826e04000 	C:\Windows\SYSTEM32\dbgcore.DLL
0x00007ff838f40000 - 0x00007ff838fc2000 	C:\Windows\System32\bcryptPrimitives.dll
0x00007ff82e9a0000 - 0x00007ff82e9bf000 	C:\Users\fabia\.p2\pool\plugins\org.eclipse.justj.openjdk.hotspot.jre.full.win32.x86_64_21.0.7.v20250502-0916\jre\bin\java.dll

dbghelp: loaded successfully - version: 4.0.5 - missing functions: none
symbol engine: initialized successfully - sym options: 0x614 - pdb path: .;C:\Users\fabia\.p2\pool\plugins\org.eclipse.justj.openjdk.hotspot.jre.full.win32.x86_64_21.0.7.v20250502-0916\jre\bin;C:\Windows\SYSTEM32;C:\Windows\WinSxS\amd64_microsoft.windows.common-controls_6595b64144ccf1df_6.0.19041.4355_none_60b8b9eb71f62e16;C:\Users\fabia\.p2\pool\plugins\org.eclipse.justj.openjdk.hotspot.jre.full.win32.x86_64_21.0.7.v20250502-0916\jre\bin\server

VM Arguments:
jvm_args: --module-path=C:\Users\fabia\.m2\repository\org\openjfx\javafx-base\21.0.7\javafx-base-21.0.7-win.jar;C:\Users\fabia\.m2\repository\org\openjfx\javafx-base\21.0.7\javafx-base-21.0.7.jar;C:\Users\fabia\.m2\repository\org\openjfx\javafx-controls\21.0.7\javafx-controls-21.0.7-win.jar;C:\Users\fabia\.m2\repository\org\openjfx\javafx-controls\21.0.7\javafx-controls-21.0.7.jar;C:\Users\fabia\.m2\repository\org\openjfx\javafx-fxml\21.0.7\javafx-fxml-21.0.7-win.jar;C:\Users\fabia\.m2\repository\org\openjfx\javafx-fxml\21.0.7\javafx-fxml-21.0.7.jar;C:\Users\fabia\.m2\repository\org\openjfx\javafx-graphics\21.0.7\javafx-graphics-21.0.7-win.jar;C:\Users\fabia\.m2\repository\org\openjfx\javafx-graphics\21.0.7\javafx-graphics-21.0.7.jar;C:\Users\fabia\.m2\repository\org\openjfx\javafx-swing\21.0.7\javafx-swing-21.0.7-win.jar;C:\Users\fabia\.m2\repository\org\openjfx\javafx-swing\21.0.7\javafx-swing-21.0.7.jar --add-modules=javafx.base,javafx.controls,javafx.fxml,javafx.graphics,javafx.swing 
java_command: com.minhaloja.sistema_pagamento.App
java_class_path (initial): C:\Users\fabia\Desktop\Workspace\sistema-pagamento\target\classes;C:\Users\fabia\.m2\repository\com\beust\jcommander\1.82\jcommander-1.82.jar;C:\Users\fabia\.m2\repository\com\github\jai-imageio\jai-imageio-core\1.4.0\jai-imageio-core-1.4.0.jar;C:\Users\fabia\.m2\repository\com\google\protobuf\protobuf-java\3.21.9\protobuf-java-3.21.9.jar;C:\Users\fabia\.m2\repository\com\google\zxing\core\3.5.1\core-3.5.1.jar;C:\Users\fabia\.m2\repository\com\google\zxing\javase\3.5.1\javase-3.5.1.jar;C:\Users\fabia\.m2\repository\com\mysql\mysql-connector-j\8.0.33\mysql-connector-j-8.0.33.jar
Launcher Type: SUN_STANDARD

[Global flags]
     intx CICompilerCount                          = 3                                         {product} {ergonomic}
     uint ConcGCThreads                            = 1                                         {product} {ergonomic}
     uint G1ConcRefinementThreads                  = 4                                         {product} {ergonomic}
   size_t G1HeapRegionSize                         = 1048576                                   {product} {ergonomic}
    uintx GCDrainStackTargetSize                   = 64                                        {product} {ergonomic}
   size_t InitialHeapSize                          = 100663296                                 {product} {ergonomic}
   size_t MarkStackSize                            = 4194304                                   {product} {ergonomic}
   size_t MaxHeapSize                              = 1583349760                                {product} {ergonomic}
   size_t MinHeapDeltaBytes                        = 1048576                                   {product} {ergonomic}
   size_t MinHeapSize                              = 8388608                                   {product} {ergonomic}
    uintx NonNMethodCodeHeapSize                   = 5832780                                {pd product} {ergonomic}
    uintx NonProfiledCodeHeapSize                  = 122912730                              {pd product} {ergonomic}
    uintx ProfiledCodeHeapSize                     = 122912730                              {pd product} {ergonomic}
    uintx ReservedCodeCacheSize                    = 251658240                              {pd product} {ergonomic}
     bool SegmentedCodeCache                       = true                                      {product} {ergonomic}
   size_t SoftMaxHeapSize                          = 1583349760                             {manageable} {ergonomic}
     bool UseCompressedOops                        = true                           {product lp64_product} {ergonomic}
     bool UseG1GC                                  = true                                      {product} {ergonomic}
     bool UseLargePagesIndividualAllocation        = false                                  {pd product} {ergonomic}

Logging:
Log output configuration:
 #0: stdout all=warning uptime,level,tags foldmultilines=false
 #1: stderr all=off uptime,level,tags foldmultilines=false

Environment Variables:
PATH=C:/Users/fabia/.p2/pool/plugins/org.eclipse.justj.openjdk.hotspot.jre.full.win32.x86_64_21.0.7.v20250502-0916/jre/bin/server;C:/Users/fabia/.p2/pool/plugins/org.eclipse.justj.openjdk.hotspot.jre.full.win32.x86_64_21.0.7.v20250502-0916/jre/bin;C:\Program Files\Common Files\Oracle\Java\javapath;C:\Windows\system32;C:\Windows;C:\Windows\System32\Wbem;C:\Windows\System32\WindowsPowerShell\v1.0\;C:\Windows\System32\OpenSSH\;C:\Program Files\nodejs\;C:\Program Files\dotnet\;C:\Program Files\Apache\Maven\apache-maven-3.9.9-bin\bin;C:\Program Files\Apache\Maven\apache-maven-3.9.9-bin\bin;%JAVA_HOME%\bin;C:\Program Files\MySQL\MySQL Shell 8.0\bin\;C:\Users\fabia\AppData\Local\Microsoft\WindowsApps;C:\Users\fabia\AppData\Local\Programs\Microsoft VS Code\bin;C:\Users\fabia\AppData\Roaming\npm;C:\Users\fabia\AppData\Local\GitHubDesktop\bin;C:\Users\fabia\Desktop;
USERNAME=fabia
TERM=xterm
OS=Windows_NT
PROCESSOR_IDENTIFIER=Intel64 Family 6 Model 42 Stepping 7, GenuineIntel
TMP=C:\Users\fabia\AppData\Local\Temp
TEMP=C:\Users\fabia\AppData\Local\Temp




Periodic native trim disabled

---------------  S Y S T E M  ---------------

OS:
 Windows 10 , 64 bit Build 19041 (10.0.19041.5072)
OS uptime: 0 days 11:38 hours

CPU: total 4 (initial active 4) (2 cores per cpu, 2 threads per core) family 6 model 42 stepping 7 microcode 0x2f, cx8, cmov, fxsr, ht, mmx, sse, sse2, sse3, ssse3, sse4.1, sse4.2, popcnt, tsc, tscinvbit, avx, clmul, vzeroupper, clflush, rdtscp
Processor Information for the first 4 processors :
  Max Mhz: 2400, Current Mhz: 2400, Mhz Limit: 2400

Memory: 4k page, system-wide physical 6035M (602M free)
TotalPageFile size 8083M (AvailPageFile size 3M)
current process WorkingSet (physical memory assigned to process): 10M, peak: 10M
current process commit charge ("private bytes"): 47M, peak: 48M

vm_info: OpenJDK 64-Bit Server VM (21.0.7+6-LTS) for windows-amd64 JRE (21.0.7+6-LTS), built on 2025-04-15T00:00:00Z by "admin" with MS VC++ 17.7 (VS2022)

END.
